<?xml version="1.0" encoding="UTF-8"?>
<testng-results skipped="0" failed="0" total="1" passed="1">
  <reporter-output>
  </reporter-output>
  <suite name="Default suite" duration-ms="18699" started-at="2020-12-12T10:03:16Z" finished-at="2020-12-12T10:03:35Z">
    <groups>
    </groups>
    <test name="Default test" duration-ms="18699" started-at="2020-12-12T10:03:16Z" finished-at="2020-12-12T10:03:35Z">
      <class name="Practise2.testcase1">
        <test-method status="PASS" signature="initiateBrowser()[pri:0, instance:Practise2.testcase1@14acaea5]" name="initiateBrowser" is-config="true" duration-ms="15095" started-at="2020-12-12T15:33:16Z" finished-at="2020-12-12T15:33:31Z">
          <reporter-output>
          </reporter-output>
        </test-method> <!-- initiateBrowser -->
        <test-method status="PASS" signature="e2e(java.lang.String)[pri:0, instance:Practise2.testcase1@14acaea5]" name="e2e" duration-ms="2713" started-at="2020-12-12T15:33:31Z" data-provider="firstTesCase" finished-at="2020-12-12T15:33:34Z">
          <params>
            <param index="0">
              <value>
                <![CDATA[Ramesh]]>
              </value>
            </param>
          </params>
          <reporter-output>
          </reporter-output>
        </test-method> <!-- e2e -->
        <test-method status="PASS" signature="teardown()[pri:0, instance:Practise2.testcase1@14acaea5]" name="teardown" is-config="true" duration-ms="821" started-at="2020-12-12T15:33:34Z" finished-at="2020-12-12T15:33:35Z">
          <reporter-output>
          </reporter-output>
        </test-method> <!-- teardown -->
      </class> <!-- Practise2.testcase1 -->
    </test> <!-- Default test -->
  </suite> <!-- Default suite -->
</testng-results>
