<?xml version="1.0" encoding="UTF-8"?>
<testng-results skipped="0" failed="0" total="2" passed="2">
  <reporter-output>
  </reporter-output>
  <suite name="Suite" duration-ms="61556" started-at="2020-12-17T09:40:55Z" finished-at="2020-12-17T09:41:57Z">
    <groups>
      <group name="cucumber">
        <method signature="AbstractTestNGCucumberTests.feature(cucumber.api.testng.CucumberFeatureWrapper)[pri:0, instance:cucumberRunner.TestRunner@3745e5c6]" name="feature" class="cucumber.api.testng.AbstractTestNGCucumberTests"/>
      </group> <!-- cucumber -->
    </groups>
    <test name="Regression" duration-ms="61556" started-at="2020-12-17T09:40:55Z" finished-at="2020-12-17T09:41:57Z">
      <class name="cucumberRunner.TestRunner">
        <test-method status="PASS" signature="setUpClass()[pri:0, instance:cucumberRunner.TestRunner@3745e5c6]" name="setUpClass" is-config="true" duration-ms="207" started-at="2020-12-17T15:10:55Z" finished-at="2020-12-17T15:10:55Z">
          <reporter-output>
          </reporter-output>
        </test-method> <!-- setUpClass -->
        <test-method status="PASS" signature="feature(cucumber.api.testng.CucumberFeatureWrapper)[pri:0, instance:cucumberRunner.TestRunner@3745e5c6]" name="feature" duration-ms="31992" started-at="2020-12-17T15:10:55Z" description="Runs Cucumber Feature" data-provider="features" finished-at="2020-12-17T15:11:27Z">
          <params>
            <param index="0">
              <value>
                <![CDATA[Testing practise site]]>
              </value>
            </param>
          </params>
          <reporter-output>
          </reporter-output>
        </test-method> <!-- feature -->
        <test-method status="PASS" signature="feature(cucumber.api.testng.CucumberFeatureWrapper)[pri:0, instance:cucumberRunner.TestRunner@3745e5c6]" name="feature" duration-ms="29199" started-at="2020-12-17T15:11:27Z" description="Runs Cucumber Feature" data-provider="features" finished-at="2020-12-17T15:11:57Z">
          <params>
            <param index="0">
              <value>
                <![CDATA[Testing practise site]]>
              </value>
            </param>
          </params>
          <reporter-output>
          </reporter-output>
        </test-method> <!-- feature -->
        <test-method status="PASS" signature="tearDownClass()[pri:0, instance:cucumberRunner.TestRunner@3745e5c6]" name="tearDownClass" is-config="true" duration-ms="35" started-at="2020-12-17T15:11:57Z" finished-at="2020-12-17T15:11:57Z">
          <reporter-output>
          </reporter-output>
        </test-method> <!-- tearDownClass -->
      </class> <!-- cucumberRunner.TestRunner -->
    </test> <!-- Regression -->
  </suite> <!-- Suite -->
</testng-results>
